<?xml version="1.0" encoding="UTF-8"?>
<testsuite xmlns:xsi="http://www.w3.org/2001/XMLSchema-instance" xsi:noNamespaceSchemaLocation="https://maven.apache.org/surefire/maven-surefire-plugin/xsd/surefire-test-report.xsd" name="at.fhj.iit.StringQueueTest" time="0.001" tests="9" errors="0" skipped="0" failures="0">
  <properties>
[...]
</properties>
  <testcase name="testElement" classname="at.fhj.iit.StringQueueTest" time="0"/>
  <testcase name="testOffer" classname="at.fhj.iit.StringQueueTest" time="0"/>
  <testcase name="testPeek" classname="at.fhj.iit.StringQueueTest" time="0"/>
  <testcase name="testPoll" classname="at.fhj.iit.StringQueueTest" time="0"/>
  <testcase name="testElementNull" classname="at.fhj.iit.StringQueueTest" time="0"/>
  <testcase name="testRemoveNull" classname="at.fhj.iit.StringQueueTest" time="0"/>
  <testcase name="testElementOverflow" classname="at.fhj.iit.StringQueueTest" time="0"/>
  <testcase name="testPeekNull" classname="at.fhj.iit.StringQueueTest" time="0"/>
  <testcase name="testRemove" classname="at.fhj.iit.StringQueueTest" time="0"/>
</testsuite>